c:\users\jarri\desktop\visualstudioprojects\ant2d\x64\debug\vc143.pdb
c:\users\jarri\desktop\visualstudioprojects\ant2d\x64\debug\vc143.idb
c:\users\jarri\desktop\visualstudioprojects\ant2d\x64\debug\imgui_widgets.obj
c:\users\jarri\desktop\visualstudioprojects\ant2d\x64\debug\imgui_tables.obj
c:\users\jarri\desktop\visualstudioprojects\ant2d\x64\debug\imgui_draw.obj
c:\users\jarri\desktop\visualstudioprojects\ant2d\x64\debug\imgui.obj
c:\users\jarri\desktop\visualstudioprojects\ant2d\x64\debug\imgui-sfml.obj
c:\users\jarri\desktop\visualstudioprojects\ant2d\x64\debug\window.obj
c:\users\jarri\desktop\visualstudioprojects\ant2d\x64\debug\main.obj
c:\users\jarri\desktop\visualstudioprojects\ant2d\x64\debug\gameobject.obj
c:\users\jarri\desktop\visualstudioprojects\ant2d\x64\debug\ant 2d.exe
c:\users\jarri\desktop\visualstudioprojects\ant2d\x64\debug\ant 2d.ilk
c:\users\jarri\desktop\visualstudioprojects\ant2d\x64\debug\ant 2d.pdb
c:\users\jarri\desktop\visualstudioprojects\ant2d\x64\debug\sfml.pdb
c:\users\jarri\desktop\visualstudioprojects\ant2d\x64\debug\ant 2d.tlog\cl.command.1.tlog
c:\users\jarri\desktop\visualstudioprojects\ant2d\x64\debug\ant 2d.tlog\cl.items.tlog
c:\users\jarri\desktop\visualstudioprojects\ant2d\x64\debug\ant 2d.tlog\cl.read.1.tlog
c:\users\jarri\desktop\visualstudioprojects\ant2d\x64\debug\ant 2d.tlog\cl.write.1.tlog
c:\users\jarri\desktop\visualstudioprojects\ant2d\x64\debug\ant 2d.tlog\link.command.1.tlog
c:\users\jarri\desktop\visualstudioprojects\ant2d\x64\debug\ant 2d.tlog\link.read.1.tlog
c:\users\jarri\desktop\visualstudioprojects\ant2d\x64\debug\ant 2d.tlog\link.write.1.tlog
